03-08-2020 08:06:23.830 [main] INFO  c.e.p.ProjectManagerApplication.logStarting - Starting ProjectManagerApplication on IN-Njain-LT with PID 19232 (C:\TNPS\njaintnps\tnps\hackathon-sas\project-manager\build\classes\java\main started by njain in C:\TNPS\njaintnps\tnps\hackathon-sas)
03-08-2020 08:06:23.859 [main] DEBUG c.e.p.ProjectManagerApplication.logStarting - Running with Spring Boot v2.2.6.RELEASE, Spring v5.2.5.RELEASE
03-08-2020 08:06:23.864 [main] INFO  c.e.p.ProjectManagerApplication.logStartupProfileInfo - No active profile set, falling back to default profiles: default
03-08-2020 08:06:27.810 [main] INFO  o.s.b.w.e.tomcat.TomcatWebServer.initialize - Tomcat initialized with port(s): 8082 (http)
03-08-2020 08:06:27.840 [main] INFO  o.a.catalina.core.StandardService.log - Starting service [Tomcat]
03-08-2020 08:06:27.842 [main] INFO  o.a.catalina.core.StandardEngine.log - Starting Servlet engine: [Apache Tomcat/9.0.33]
03-08-2020 08:06:28.085 [main] INFO  o.a.c.c.C.[Tomcat].[localhost].[/].log - Initializing Spring embedded WebApplicationContext
03-08-2020 08:06:28.086 [main] INFO  o.s.web.context.ContextLoader.prepareWebApplicationContext - Root WebApplicationContext: initialization completed in 4051 ms
03-08-2020 08:06:28.646 [main] INFO  o.s.s.c.ThreadPoolTaskExecutor.initialize - Initializing ExecutorService 'applicationTaskExecutor'
03-08-2020 08:06:29.063 [main] INFO  o.s.b.w.e.tomcat.TomcatWebServer.start - Tomcat started on port(s): 8082 (http) with context path ''
03-08-2020 08:06:29.075 [main] INFO  c.e.p.ProjectManagerApplication.logStarted - Started ProjectManagerApplication in 7.035 seconds (JVM running for 8.101)
03-08-2020 08:06:29.086 [main] INFO  c.e.p.ProjectManagerApplication.lambda$run$0 - INFO-0
03-08-2020 08:06:29.087 [main] DEBUG c.e.p.ProjectManagerApplication.lambda$run$0 - DEBUG-0
03-08-2020 08:06:29.089 [main] WARN  c.e.p.ProjectManagerApplication.lambda$run$0 - WARN-0
03-08-2020 08:06:29.090 [main] ERROR c.e.p.ProjectManagerApplication.lambda$run$0 - ERROR-0
03-08-2020 08:06:30.104 [main] INFO  c.e.p.ProjectManagerApplication.lambda$run$0 - INFO-1
03-08-2020 08:06:30.107 [main] DEBUG c.e.p.ProjectManagerApplication.lambda$run$0 - DEBUG-1
03-08-2020 08:06:30.111 [main] WARN  c.e.p.ProjectManagerApplication.lambda$run$0 - WARN-1
03-08-2020 08:06:30.114 [main] ERROR c.e.p.ProjectManagerApplication.lambda$run$0 - ERROR-1
03-08-2020 08:06:31.125 [main] INFO  c.e.p.ProjectManagerApplication.lambda$run$0 - INFO-2
03-08-2020 08:06:31.127 [main] DEBUG c.e.p.ProjectManagerApplication.lambda$run$0 - DEBUG-2
03-08-2020 08:06:31.130 [main] WARN  c.e.p.ProjectManagerApplication.lambda$run$0 - WARN-2
03-08-2020 08:06:31.131 [main] ERROR c.e.p.ProjectManagerApplication.lambda$run$0 - ERROR-2
03-08-2020 08:06:32.146 [main] INFO  c.e.p.ProjectManagerApplication.lambda$run$0 - INFO-3
03-08-2020 08:06:32.147 [main] DEBUG c.e.p.ProjectManagerApplication.lambda$run$0 - DEBUG-3
03-08-2020 08:06:32.149 [main] WARN  c.e.p.ProjectManagerApplication.lambda$run$0 - WARN-3
03-08-2020 08:06:32.151 [main] ERROR c.e.p.ProjectManagerApplication.lambda$run$0 - ERROR-3
03-08-2020 08:06:33.158 [main] INFO  c.e.p.ProjectManagerApplication.lambda$run$0 - INFO-4
03-08-2020 08:06:33.159 [main] DEBUG c.e.p.ProjectManagerApplication.lambda$run$0 - DEBUG-4
03-08-2020 08:06:33.160 [main] WARN  c.e.p.ProjectManagerApplication.lambda$run$0 - WARN-4
03-08-2020 08:06:33.160 [main] ERROR c.e.p.ProjectManagerApplication.lambda$run$0 - ERROR-4
03-08-2020 08:06:34.165 [main] INFO  c.e.p.ProjectManagerApplication.lambda$run$0 - INFO-5
03-08-2020 08:06:34.167 [main] DEBUG c.e.p.ProjectManagerApplication.lambda$run$0 - DEBUG-5
03-08-2020 08:06:34.170 [main] WARN  c.e.p.ProjectManagerApplication.lambda$run$0 - WARN-5
03-08-2020 08:06:34.174 [main] ERROR c.e.p.ProjectManagerApplication.lambda$run$0 - ERROR-5
03-08-2020 08:06:39.680 [http-nio-8082-exec-1] INFO  o.a.c.c.C.[Tomcat].[localhost].[/].log - Initializing Spring DispatcherServlet 'dispatcherServlet'
03-08-2020 08:06:39.707 [http-nio-8082-exec-1] INFO  o.s.web.servlet.DispatcherServlet.initServletBean - Initializing Servlet 'dispatcherServlet'
03-08-2020 08:06:39.748 [http-nio-8082-exec-1] INFO  o.s.web.servlet.DispatcherServlet.initServletBean - Completed initialization in 36 ms
03-08-2020 08:13:44.423 [main] INFO  c.e.p.ProjectManagerApplication.logStarting - Starting ProjectManagerApplication on IN-Njain-LT with PID 19656 (C:\TNPS\njaintnps\tnps\hackathon-sas\project-manager\build\classes\java\main started by njain in C:\TNPS\njaintnps\tnps\hackathon-sas)
03-08-2020 08:13:44.427 [main] DEBUG c.e.p.ProjectManagerApplication.logStarting - Running with Spring Boot v2.2.6.RELEASE, Spring v5.2.5.RELEASE
03-08-2020 08:13:44.429 [main] INFO  c.e.p.ProjectManagerApplication.logStartupProfileInfo - No active profile set, falling back to default profiles: default
03-08-2020 08:13:47.067 [main] INFO  o.s.b.w.e.tomcat.TomcatWebServer.initialize - Tomcat initialized with port(s): 8082 (http)
03-08-2020 08:13:47.117 [main] INFO  o.a.catalina.core.StandardService.log - Starting service [Tomcat]
03-08-2020 08:13:47.119 [main] INFO  o.a.catalina.core.StandardEngine.log - Starting Servlet engine: [Apache Tomcat/9.0.33]
03-08-2020 08:13:47.461 [main] INFO  o.a.c.c.C.[Tomcat].[localhost].[/].log - Initializing Spring embedded WebApplicationContext
03-08-2020 08:13:47.462 [main] INFO  o.s.web.context.ContextLoader.prepareWebApplicationContext - Root WebApplicationContext: initialization completed in 2905 ms
03-08-2020 08:13:47.979 [main] INFO  o.s.s.c.ThreadPoolTaskExecutor.initialize - Initializing ExecutorService 'applicationTaskExecutor'
03-08-2020 08:13:48.381 [main] INFO  o.s.b.w.e.tomcat.TomcatWebServer.start - Tomcat started on port(s): 8082 (http) with context path ''
03-08-2020 08:13:48.389 [main] INFO  c.e.p.ProjectManagerApplication.logStarted - Started ProjectManagerApplication in 5.232 seconds (JVM running for 5.977)
03-08-2020 08:13:48.396 [main] INFO  c.e.p.ProjectManagerApplication.lambda$run$0 - INFO-0
03-08-2020 08:13:48.400 [main] DEBUG c.e.p.ProjectManagerApplication.lambda$run$0 - DEBUG-0
03-08-2020 08:13:48.401 [main] WARN  c.e.p.ProjectManagerApplication.lambda$run$0 - WARN-0
03-08-2020 08:13:48.402 [main] ERROR c.e.p.ProjectManagerApplication.lambda$run$0 - ERROR-0
03-08-2020 08:13:49.406 [main] INFO  c.e.p.ProjectManagerApplication.lambda$run$0 - INFO-1
03-08-2020 08:13:49.407 [main] DEBUG c.e.p.ProjectManagerApplication.lambda$run$0 - DEBUG-1
03-08-2020 08:13:49.408 [main] WARN  c.e.p.ProjectManagerApplication.lambda$run$0 - WARN-1
03-08-2020 08:13:49.408 [main] ERROR c.e.p.ProjectManagerApplication.lambda$run$0 - ERROR-1
03-08-2020 08:13:50.412 [main] INFO  c.e.p.ProjectManagerApplication.lambda$run$0 - INFO-2
03-08-2020 08:13:50.416 [main] DEBUG c.e.p.ProjectManagerApplication.lambda$run$0 - DEBUG-2
03-08-2020 08:13:50.421 [main] WARN  c.e.p.ProjectManagerApplication.lambda$run$0 - WARN-2
03-08-2020 08:13:50.423 [main] ERROR c.e.p.ProjectManagerApplication.lambda$run$0 - ERROR-2
03-08-2020 08:13:51.436 [main] INFO  c.e.p.ProjectManagerApplication.lambda$run$0 - INFO-3
03-08-2020 08:13:51.437 [main] DEBUG c.e.p.ProjectManagerApplication.lambda$run$0 - DEBUG-3
03-08-2020 08:13:51.438 [main] WARN  c.e.p.ProjectManagerApplication.lambda$run$0 - WARN-3
03-08-2020 08:13:51.439 [main] ERROR c.e.p.ProjectManagerApplication.lambda$run$0 - ERROR-3
03-08-2020 08:13:52.443 [main] INFO  c.e.p.ProjectManagerApplication.lambda$run$0 - INFO-4
03-08-2020 08:13:52.446 [main] DEBUG c.e.p.ProjectManagerApplication.lambda$run$0 - DEBUG-4
03-08-2020 08:13:52.447 [main] WARN  c.e.p.ProjectManagerApplication.lambda$run$0 - WARN-4
03-08-2020 08:13:52.448 [main] ERROR c.e.p.ProjectManagerApplication.lambda$run$0 - ERROR-4
03-08-2020 08:13:53.453 [main] INFO  c.e.p.ProjectManagerApplication.lambda$run$0 - INFO-5
03-08-2020 08:13:53.459 [main] DEBUG c.e.p.ProjectManagerApplication.lambda$run$0 - DEBUG-5
03-08-2020 08:13:53.461 [main] WARN  c.e.p.ProjectManagerApplication.lambda$run$0 - WARN-5
03-08-2020 08:13:53.468 [main] ERROR c.e.p.ProjectManagerApplication.lambda$run$0 - ERROR-5
03-08-2020 08:14:16.148 [http-nio-8082-exec-1] INFO  o.a.c.c.C.[Tomcat].[localhost].[/].log - Initializing Spring DispatcherServlet 'dispatcherServlet'
03-08-2020 08:14:16.153 [http-nio-8082-exec-1] INFO  o.s.web.servlet.DispatcherServlet.initServletBean - Initializing Servlet 'dispatcherServlet'
03-08-2020 08:14:16.174 [http-nio-8082-exec-1] INFO  o.s.web.servlet.DispatcherServlet.initServletBean - Completed initialization in 17 ms
03-08-2020 10:01:51.363 [main] INFO  c.e.p.ProjectManagerApplication.logStarting - Starting ProjectManagerApplication on IN-Njain-LT with PID 13340 (C:\TNPS\njaintnps\tnps\hackathon-sas\project-manager\build\classes\java\main started by njain in C:\TNPS\njaintnps\tnps\hackathon-sas)
03-08-2020 10:01:51.373 [main] DEBUG c.e.p.ProjectManagerApplication.logStarting - Running with Spring Boot v2.2.6.RELEASE, Spring v5.2.5.RELEASE
03-08-2020 10:01:51.375 [main] INFO  c.e.p.ProjectManagerApplication.logStartupProfileInfo - No active profile set, falling back to default profiles: default
03-08-2020 10:01:54.228 [main] INFO  o.s.b.w.e.tomcat.TomcatWebServer.initialize - Tomcat initialized with port(s): 8082 (http)
03-08-2020 10:01:54.247 [main] INFO  o.a.catalina.core.StandardService.log - Starting service [Tomcat]
03-08-2020 10:01:54.248 [main] INFO  o.a.catalina.core.StandardEngine.log - Starting Servlet engine: [Apache Tomcat/9.0.33]
03-08-2020 10:01:54.466 [main] INFO  o.a.c.c.C.[Tomcat].[localhost].[/].log - Initializing Spring embedded WebApplicationContext
03-08-2020 10:01:54.468 [main] INFO  o.s.web.context.ContextLoader.prepareWebApplicationContext - Root WebApplicationContext: initialization completed in 2982 ms
03-08-2020 10:01:55.043 [main] INFO  o.s.s.c.ThreadPoolTaskExecutor.initialize - Initializing ExecutorService 'applicationTaskExecutor'
03-08-2020 10:01:55.593 [main] INFO  o.s.b.w.e.tomcat.TomcatWebServer.start - Tomcat started on port(s): 8082 (http) with context path ''
03-08-2020 10:01:55.602 [main] INFO  c.e.p.ProjectManagerApplication.logStarted - Started ProjectManagerApplication in 5.982 seconds (JVM running for 8.69)
03-08-2020 10:01:55.610 [main] INFO  c.e.p.ProjectManagerApplication.lambda$run$0 - INFO-0
03-08-2020 10:01:55.611 [main] DEBUG c.e.p.ProjectManagerApplication.lambda$run$0 - DEBUG-0
03-08-2020 10:01:55.613 [main] WARN  c.e.p.ProjectManagerApplication.lambda$run$0 - WARN-0
03-08-2020 10:01:55.620 [main] ERROR c.e.p.ProjectManagerApplication.lambda$run$0 - ERROR-0
03-08-2020 10:03:35.622 [main] INFO  c.e.p.ProjectManagerApplication.lambda$run$0 - INFO-1
03-08-2020 10:03:35.625 [main] DEBUG c.e.p.ProjectManagerApplication.lambda$run$0 - DEBUG-1
03-08-2020 10:03:35.627 [main] WARN  c.e.p.ProjectManagerApplication.lambda$run$0 - WARN-1
03-08-2020 10:03:35.631 [main] ERROR c.e.p.ProjectManagerApplication.lambda$run$0 - ERROR-1
03-08-2020 10:05:15.650 [main] INFO  c.e.p.ProjectManagerApplication.lambda$run$0 - INFO-2
03-08-2020 10:05:15.651 [main] DEBUG c.e.p.ProjectManagerApplication.lambda$run$0 - DEBUG-2
03-08-2020 10:05:15.652 [main] WARN  c.e.p.ProjectManagerApplication.lambda$run$0 - WARN-2
03-08-2020 10:05:15.652 [main] ERROR c.e.p.ProjectManagerApplication.lambda$run$0 - ERROR-2
03-08-2020 10:06:55.666 [main] INFO  c.e.p.ProjectManagerApplication.lambda$run$0 - INFO-3
03-08-2020 10:06:55.667 [main] DEBUG c.e.p.ProjectManagerApplication.lambda$run$0 - DEBUG-3
03-08-2020 10:06:55.667 [main] WARN  c.e.p.ProjectManagerApplication.lambda$run$0 - WARN-3
03-08-2020 10:06:55.668 [main] ERROR c.e.p.ProjectManagerApplication.lambda$run$0 - ERROR-3
