03-08-2020 17:30:07.362 [main] INFO  c.e.p.ProjectManagerApplication.logStarting - Starting ProjectManagerApplication on IN-Njain-LT with PID 5060 (C:\TNPS\njaintnps\tnps\hackathon-sas\project-manager\build\classes\java\main started by njain in C:\TNPS\njaintnps\tnps\hackathon-sas\project-manager)
03-08-2020 17:30:07.373 [main] INFO  c.e.p.ProjectManagerApplication.logStartupProfileInfo - No active profile set, falling back to default profiles: default
03-08-2020 17:30:09.967 [main] INFO  o.s.b.w.e.tomcat.TomcatWebServer.initialize - Tomcat initialized with port(s): 8082 (http)
03-08-2020 17:30:09.995 [main] INFO  o.a.catalina.core.StandardService.log - Starting service [Tomcat]
03-08-2020 17:30:09.997 [main] INFO  o.a.catalina.core.StandardEngine.log - Starting Servlet engine: [Apache Tomcat/9.0.33]
03-08-2020 17:30:10.206 [main] INFO  o.a.c.c.C.[Tomcat].[localhost].[/].log - Initializing Spring embedded WebApplicationContext
03-08-2020 17:30:10.207 [main] INFO  o.s.web.context.ContextLoader.prepareWebApplicationContext - Root WebApplicationContext: initialization completed in 2723 ms
03-08-2020 17:30:10.667 [main] INFO  o.s.s.c.ThreadPoolTaskExecutor.initialize - Initializing ExecutorService 'applicationTaskExecutor'
03-08-2020 17:30:11.073 [main] INFO  o.s.b.a.s.s.UserDetailsServiceAutoConfiguration.getOrDeducePassword - 

Using generated security password: a3a31556-36e9-4332-be03-b6245c408ad1

03-08-2020 17:30:11.311 [main] INFO  o.s.s.web.DefaultSecurityFilterChain.<init> - Creating filter chain: any request, [org.springframework.security.web.context.request.async.WebAsyncManagerIntegrationFilter@ac91282, org.springframework.security.web.context.SecurityContextPersistenceFilter@773014d3, org.springframework.security.web.header.HeaderWriterFilter@6ecc02bb, org.springframework.security.web.csrf.CsrfFilter@7f6329cb, org.springframework.security.web.authentication.logout.LogoutFilter@22d7fd41, org.springframework.security.web.authentication.UsernamePasswordAuthenticationFilter@1980a3f, org.springframework.security.web.authentication.ui.DefaultLoginPageGeneratingFilter@270a620, org.springframework.security.web.authentication.ui.DefaultLogoutPageGeneratingFilter@7f79edee, org.springframework.security.web.authentication.www.BasicAuthenticationFilter@1e5eb20a, org.springframework.security.web.savedrequest.RequestCacheAwareFilter@10850d17, org.springframework.security.web.servletapi.SecurityContextHolderAwareRequestFilter@3b009e7b, org.springframework.security.web.authentication.AnonymousAuthenticationFilter@1ca610a0, org.springframework.security.web.session.SessionManagementFilter@65514add, org.springframework.security.web.access.ExceptionTranslationFilter@7364eed1, org.springframework.security.web.access.intercept.FilterSecurityInterceptor@5f8d9767]
03-08-2020 17:30:11.440 [main] INFO  o.s.b.w.e.tomcat.TomcatWebServer.start - Tomcat started on port(s): 8082 (http) with context path ''
03-08-2020 17:30:11.454 [main] INFO  c.e.p.ProjectManagerApplication.logStarted - Started ProjectManagerApplication in 5.421 seconds (JVM running for 6.305)
03-08-2020 17:30:11.468 [main] INFO  c.e.p.ProjectManagerLogger.test - INFO-0
03-08-2020 17:30:11.470 [main] WARN  c.e.p.ProjectManagerLogger.test - WARN-0
03-08-2020 17:30:11.472 [main] ERROR c.e.p.ProjectManagerLogger.test - ERROR-0
03-08-2020 17:30:21.081 [Test worker] INFO  c.e.p.ProjectManagerLogger.test - INFO-5
03-08-2020 17:30:21.086 [Test worker] WARN  c.e.p.ProjectManagerLogger.test - WARN-5
03-08-2020 17:30:21.090 [Test worker] ERROR c.e.p.ProjectManagerLogger.test - ERROR-5
03-08-2020 17:31:11.474 [main] INFO  c.e.p.ProjectManagerLogger.test - INFO-1
03-08-2020 17:31:11.478 [main] WARN  c.e.p.ProjectManagerLogger.test - WARN-1
03-08-2020 17:31:11.480 [main] ERROR c.e.p.ProjectManagerLogger.test - ERROR-1
03-08-2020 17:31:21.100 [Test worker] INFO  c.e.p.ProjectManagerLogger.test - INFO-6
03-08-2020 17:31:21.103 [Test worker] WARN  c.e.p.ProjectManagerLogger.test - WARN-6
03-08-2020 17:31:21.106 [Test worker] ERROR c.e.p.ProjectManagerLogger.test - ERROR-6
03-08-2020 17:32:11.482 [main] INFO  c.e.p.ProjectManagerLogger.test - INFO-2
03-08-2020 17:32:11.484 [main] WARN  c.e.p.ProjectManagerLogger.test - WARN-2
03-08-2020 17:32:11.486 [main] ERROR c.e.p.ProjectManagerLogger.test - ERROR-2
03-08-2020 17:32:21.116 [Test worker] INFO  c.e.p.ProjectManagerLogger.test - INFO-7
03-08-2020 17:32:21.121 [Test worker] WARN  c.e.p.ProjectManagerLogger.test - WARN-7
03-08-2020 17:32:21.123 [Test worker] ERROR c.e.p.ProjectManagerLogger.test - ERROR-7
03-08-2020 17:33:11.493 [main] INFO  c.e.p.ProjectManagerLogger.test - INFO-3
03-08-2020 17:33:11.500 [main] WARN  c.e.p.ProjectManagerLogger.test - WARN-3
03-08-2020 17:33:11.501 [main] ERROR c.e.p.ProjectManagerLogger.test - ERROR-3
03-08-2020 17:34:11.518 [main] INFO  c.e.p.ProjectManagerLogger.test - INFO-4
03-08-2020 17:34:11.520 [main] WARN  c.e.p.ProjectManagerLogger.test - WARN-4
03-08-2020 17:34:11.521 [main] ERROR c.e.p.ProjectManagerLogger.test - ERROR-4
03-08-2020 17:35:11.537 [main] INFO  c.e.p.ProjectManagerLogger.test - INFO-5
03-08-2020 17:35:11.540 [main] WARN  c.e.p.ProjectManagerLogger.test - WARN-5
03-08-2020 17:35:11.540 [main] ERROR c.e.p.ProjectManagerLogger.test - ERROR-5
03-08-2020 17:36:11.550 [main] INFO  c.e.p.ProjectManagerLogger.test - INFO-6
03-08-2020 17:36:11.551 [main] WARN  c.e.p.ProjectManagerLogger.test - WARN-6
03-08-2020 17:36:11.552 [main] ERROR c.e.p.ProjectManagerLogger.test - ERROR-6
03-08-2020 17:37:11.560 [main] INFO  c.e.p.ProjectManagerLogger.test - INFO-7
03-08-2020 17:37:11.561 [main] WARN  c.e.p.ProjectManagerLogger.test - WARN-7
03-08-2020 17:37:11.561 [main] ERROR c.e.p.ProjectManagerLogger.test - ERROR-7
03-08-2020 17:38:11.560 [main] INFO  c.e.p.ProjectManagerLogger.test - INFO-8
03-08-2020 17:38:11.563 [main] WARN  c.e.p.ProjectManagerLogger.test - WARN-8
03-08-2020 17:38:11.566 [main] ERROR c.e.p.ProjectManagerLogger.test - ERROR-8
03-08-2020 17:39:11.576 [main] INFO  c.e.p.ProjectManagerLogger.test - INFO-9
03-08-2020 17:39:11.579 [main] WARN  c.e.p.ProjectManagerLogger.test - WARN-9
03-08-2020 17:39:11.580 [main] ERROR c.e.p.ProjectManagerLogger.test - ERROR-9
03-08-2020 17:40:11.583 [main] INFO  c.e.p.ProjectManagerLogger.test - INFO-10
03-08-2020 17:40:11.586 [main] WARN  c.e.p.ProjectManagerLogger.test - WARN-10
03-08-2020 17:40:11.589 [main] ERROR c.e.p.ProjectManagerLogger.test - ERROR-10
03-08-2020 17:41:11.601 [main] INFO  c.e.p.ProjectManagerLogger.test - INFO-11
03-08-2020 17:41:11.605 [main] WARN  c.e.p.ProjectManagerLogger.test - WARN-11
03-08-2020 17:41:11.607 [main] ERROR c.e.p.ProjectManagerLogger.test - ERROR-11
03-08-2020 17:42:11.617 [main] INFO  c.e.p.ProjectManagerLogger.test - INFO-12
03-08-2020 17:42:11.618 [main] WARN  c.e.p.ProjectManagerLogger.test - WARN-12
03-08-2020 17:42:11.619 [main] ERROR c.e.p.ProjectManagerLogger.test - ERROR-12
03-08-2020 17:43:11.623 [main] INFO  c.e.p.ProjectManagerLogger.test - INFO-13
03-08-2020 17:43:11.625 [main] WARN  c.e.p.ProjectManagerLogger.test - WARN-13
03-08-2020 17:43:11.626 [main] ERROR c.e.p.ProjectManagerLogger.test - ERROR-13
03-08-2020 17:44:11.640 [main] INFO  c.e.p.ProjectManagerLogger.test - INFO-14
03-08-2020 17:44:11.641 [main] WARN  c.e.p.ProjectManagerLogger.test - WARN-14
03-08-2020 17:44:11.642 [main] ERROR c.e.p.ProjectManagerLogger.test - ERROR-14
03-08-2020 17:45:11.653 [main] INFO  c.e.p.ProjectManagerLogger.test - INFO-15
03-08-2020 17:45:11.654 [main] WARN  c.e.p.ProjectManagerLogger.test - WARN-15
03-08-2020 17:45:11.655 [main] ERROR c.e.p.ProjectManagerLogger.test - ERROR-15
03-08-2020 17:46:11.657 [main] INFO  c.e.p.ProjectManagerLogger.test - INFO-16
03-08-2020 17:46:11.658 [main] WARN  c.e.p.ProjectManagerLogger.test - WARN-16
03-08-2020 17:46:11.658 [main] ERROR c.e.p.ProjectManagerLogger.test - ERROR-16
03-08-2020 17:47:11.672 [main] INFO  c.e.p.ProjectManagerLogger.test - INFO-17
03-08-2020 17:47:11.673 [main] WARN  c.e.p.ProjectManagerLogger.test - WARN-17
03-08-2020 17:47:11.674 [main] ERROR c.e.p.ProjectManagerLogger.test - ERROR-17
03-08-2020 17:48:11.685 [main] INFO  c.e.p.ProjectManagerLogger.test - INFO-18
03-08-2020 17:48:11.686 [main] WARN  c.e.p.ProjectManagerLogger.test - WARN-18
03-08-2020 17:48:11.686 [main] ERROR c.e.p.ProjectManagerLogger.test - ERROR-18
03-08-2020 17:49:11.701 [main] INFO  c.e.p.ProjectManagerLogger.test - INFO-19
03-08-2020 17:49:11.704 [main] WARN  c.e.p.ProjectManagerLogger.test - WARN-19
03-08-2020 17:49:11.705 [main] ERROR c.e.p.ProjectManagerLogger.test - ERROR-19
03-08-2020 17:50:11.709 [main] INFO  c.e.p.ProjectManagerLogger.test - INFO-20
03-08-2020 17:50:11.711 [main] WARN  c.e.p.ProjectManagerLogger.test - WARN-20
03-08-2020 17:50:11.712 [main] ERROR c.e.p.ProjectManagerLogger.test - ERROR-20
03-08-2020 17:51:11.722 [main] INFO  c.e.p.ProjectManagerLogger.test - INFO-21
03-08-2020 17:51:11.723 [main] WARN  c.e.p.ProjectManagerLogger.test - WARN-21
03-08-2020 17:51:11.724 [main] ERROR c.e.p.ProjectManagerLogger.test - ERROR-21
03-08-2020 17:52:11.740 [main] INFO  c.e.p.ProjectManagerLogger.test - INFO-22
03-08-2020 17:52:11.743 [main] WARN  c.e.p.ProjectManagerLogger.test - WARN-22
03-08-2020 17:52:11.746 [main] ERROR c.e.p.ProjectManagerLogger.test - ERROR-22
03-08-2020 17:53:11.751 [main] INFO  c.e.p.ProjectManagerLogger.test - INFO-23
03-08-2020 17:53:11.754 [main] WARN  c.e.p.ProjectManagerLogger.test - WARN-23
03-08-2020 17:53:11.756 [main] ERROR c.e.p.ProjectManagerLogger.test - ERROR-23
03-08-2020 17:54:11.772 [main] INFO  c.e.p.ProjectManagerLogger.test - INFO-24
03-08-2020 17:54:11.773 [main] WARN  c.e.p.ProjectManagerLogger.test - WARN-24
03-08-2020 17:54:11.774 [main] ERROR c.e.p.ProjectManagerLogger.test - ERROR-24
03-08-2020 17:55:11.782 [main] INFO  c.e.p.ProjectManagerLogger.test - INFO-25
03-08-2020 17:55:11.785 [main] WARN  c.e.p.ProjectManagerLogger.test - WARN-25
03-08-2020 17:55:11.787 [main] ERROR c.e.p.ProjectManagerLogger.test - ERROR-25
03-08-2020 17:56:11.802 [main] INFO  c.e.p.ProjectManagerLogger.test - INFO-26
03-08-2020 17:56:11.804 [main] WARN  c.e.p.ProjectManagerLogger.test - WARN-26
03-08-2020 17:56:11.805 [main] ERROR c.e.p.ProjectManagerLogger.test - ERROR-26
03-08-2020 17:57:11.809 [main] INFO  c.e.p.ProjectManagerLogger.test - INFO-27
03-08-2020 17:57:11.810 [main] WARN  c.e.p.ProjectManagerLogger.test - WARN-27
03-08-2020 17:57:11.811 [main] ERROR c.e.p.ProjectManagerLogger.test - ERROR-27
03-08-2020 17:58:11.827 [main] INFO  c.e.p.ProjectManagerLogger.test - INFO-28
03-08-2020 17:58:11.828 [main] WARN  c.e.p.ProjectManagerLogger.test - WARN-28
03-08-2020 17:58:11.829 [main] ERROR c.e.p.ProjectManagerLogger.test - ERROR-28
03-08-2020 17:59:11.844 [main] INFO  c.e.p.ProjectManagerLogger.test - INFO-29
03-08-2020 17:59:11.847 [main] WARN  c.e.p.ProjectManagerLogger.test - WARN-29
03-08-2020 17:59:11.848 [main] ERROR c.e.p.ProjectManagerLogger.test - ERROR-29
03-08-2020 18:00:05.142 [Test worker] INFO  c.e.p.ProjectManagerApplicationTests.logStarting - Starting ProjectManagerApplicationTests on IN-Njain-LT with PID 10332 (started by njain in C:\TNPS\njaintnps\tnps\hackathon-sas\project-manager)
03-08-2020 18:00:05.146 [Test worker] INFO  c.e.p.ProjectManagerApplicationTests.logStartupProfileInfo - No active profile set, falling back to default profiles: default
03-08-2020 18:00:08.151 [Test worker] INFO  o.s.s.c.ThreadPoolTaskExecutor.initialize - Initializing ExecutorService 'applicationTaskExecutor'
03-08-2020 18:00:08.724 [Test worker] INFO  c.e.p.ProjectManagerApplicationTests.logStarted - Started ProjectManagerApplicationTests in 4.767 seconds (JVM running for 7.713)
03-08-2020 18:00:08.730 [Test worker] INFO  c.e.p.ProjectManagerLogger.test - INFO-0
03-08-2020 18:00:08.733 [Test worker] WARN  c.e.p.ProjectManagerLogger.test - WARN-0
03-08-2020 18:00:08.735 [Test worker] ERROR c.e.p.ProjectManagerLogger.test - ERROR-0
03-08-2020 18:01:08.748 [Test worker] INFO  c.e.p.ProjectManagerLogger.test - INFO-1
03-08-2020 18:01:08.750 [Test worker] WARN  c.e.p.ProjectManagerLogger.test - WARN-1
03-08-2020 18:01:08.751 [Test worker] ERROR c.e.p.ProjectManagerLogger.test - ERROR-1
03-08-2020 18:02:08.770 [Test worker] INFO  c.e.p.ProjectManagerLogger.test - INFO-2
03-08-2020 18:02:08.784 [Test worker] WARN  c.e.p.ProjectManagerLogger.test - WARN-2
03-08-2020 18:02:08.812 [Test worker] ERROR c.e.p.ProjectManagerLogger.test - ERROR-2
03-08-2020 18:03:08.818 [Test worker] INFO  c.e.p.ProjectManagerLogger.test - INFO-3
03-08-2020 18:03:08.819 [Test worker] WARN  c.e.p.ProjectManagerLogger.test - WARN-3
03-08-2020 18:03:08.821 [Test worker] ERROR c.e.p.ProjectManagerLogger.test - ERROR-3
03-08-2020 18:04:08.840 [Test worker] INFO  c.e.p.ProjectManagerLogger.test - INFO-4
03-08-2020 18:04:08.845 [Test worker] WARN  c.e.p.ProjectManagerLogger.test - WARN-4
03-08-2020 18:04:08.849 [Test worker] ERROR c.e.p.ProjectManagerLogger.test - ERROR-4
03-08-2020 18:05:08.855 [Test worker] INFO  c.e.p.ProjectManagerLogger.test - INFO-5
03-08-2020 18:05:08.859 [Test worker] WARN  c.e.p.ProjectManagerLogger.test - WARN-5
03-08-2020 18:05:08.860 [Test worker] ERROR c.e.p.ProjectManagerLogger.test - ERROR-5
03-08-2020 18:06:08.878 [Test worker] INFO  c.e.p.ProjectManagerLogger.test - INFO-6
03-08-2020 18:06:08.879 [Test worker] WARN  c.e.p.ProjectManagerLogger.test - WARN-6
03-08-2020 18:06:08.880 [Test worker] ERROR c.e.p.ProjectManagerLogger.test - ERROR-6
03-08-2020 18:07:08.886 [Test worker] INFO  c.e.p.ProjectManagerLogger.test - INFO-7
03-08-2020 18:07:08.893 [Test worker] WARN  c.e.p.ProjectManagerLogger.test - WARN-7
03-08-2020 18:07:08.910 [Test worker] ERROR c.e.p.ProjectManagerLogger.test - ERROR-7
03-08-2020 18:08:08.923 [Test worker] INFO  c.e.p.ProjectManagerLogger.test - INFO-8
03-08-2020 18:08:08.924 [Test worker] WARN  c.e.p.ProjectManagerLogger.test - WARN-8
03-08-2020 18:08:08.925 [Test worker] ERROR c.e.p.ProjectManagerLogger.test - ERROR-8
03-08-2020 18:09:08.929 [Test worker] INFO  c.e.p.ProjectManagerLogger.test - INFO-9
03-08-2020 18:09:08.932 [Test worker] WARN  c.e.p.ProjectManagerLogger.test - WARN-9
03-08-2020 18:09:08.933 [Test worker] ERROR c.e.p.ProjectManagerLogger.test - ERROR-9
03-08-2020 18:10:08.940 [Test worker] INFO  c.e.p.ProjectManagerLogger.test - INFO-10
03-08-2020 18:10:08.945 [Test worker] WARN  c.e.p.ProjectManagerLogger.test - WARN-10
03-08-2020 18:10:08.947 [Test worker] ERROR c.e.p.ProjectManagerLogger.test - ERROR-10
03-08-2020 18:11:08.952 [Test worker] INFO  c.e.p.ProjectManagerLogger.test - INFO-11
03-08-2020 18:11:08.954 [Test worker] WARN  c.e.p.ProjectManagerLogger.test - WARN-11
03-08-2020 18:11:08.956 [Test worker] ERROR c.e.p.ProjectManagerLogger.test - ERROR-11
03-08-2020 18:12:08.970 [Test worker] INFO  c.e.p.ProjectManagerLogger.test - INFO-12
03-08-2020 18:12:08.974 [Test worker] WARN  c.e.p.ProjectManagerLogger.test - WARN-12
03-08-2020 18:12:08.978 [Test worker] ERROR c.e.p.ProjectManagerLogger.test - ERROR-12
03-08-2020 18:12:43.795 [main] INFO  c.e.p.ProjectManagerApplication.logStarting - Starting ProjectManagerApplication on IN-Njain-LT with PID 12164 (C:\TNPS\njaintnps\tnps\hackathon-sas\project-manager\build\classes\java\main started by njain in C:\TNPS\njaintnps\tnps\hackathon-sas\project-manager)
03-08-2020 18:12:43.823 [main] INFO  c.e.p.ProjectManagerApplication.logStartupProfileInfo - No active profile set, falling back to default profiles: default
03-08-2020 18:12:46.955 [main] INFO  o.s.b.w.e.tomcat.TomcatWebServer.initialize - Tomcat initialized with port(s): 8082 (http)
03-08-2020 18:12:46.998 [main] INFO  o.a.catalina.core.StandardService.log - Starting service [Tomcat]
03-08-2020 18:12:47.000 [main] INFO  o.a.catalina.core.StandardEngine.log - Starting Servlet engine: [Apache Tomcat/9.0.33]
03-08-2020 18:12:47.245 [main] INFO  o.a.c.c.C.[Tomcat].[localhost].[/].log - Initializing Spring embedded WebApplicationContext
03-08-2020 18:12:47.246 [main] INFO  o.s.web.context.ContextLoader.prepareWebApplicationContext - Root WebApplicationContext: initialization completed in 3296 ms
03-08-2020 18:12:47.779 [main] INFO  o.s.s.c.ThreadPoolTaskExecutor.initialize - Initializing ExecutorService 'applicationTaskExecutor'
03-08-2020 18:12:48.280 [main] INFO  o.s.b.w.e.tomcat.TomcatWebServer.start - Tomcat started on port(s): 8082 (http) with context path ''
03-08-2020 18:12:48.291 [main] INFO  c.e.p.ProjectManagerApplication.logStarted - Started ProjectManagerApplication in 6.006 seconds (JVM running for 6.778)
03-08-2020 18:12:48.297 [main] INFO  c.e.p.ProjectManagerLogger.test - INFO-0
03-08-2020 18:12:48.299 [main] WARN  c.e.p.ProjectManagerLogger.test - WARN-0
03-08-2020 18:12:48.300 [main] ERROR c.e.p.ProjectManagerLogger.test - ERROR-0
03-08-2020 18:12:48.610 [http-nio-8082-exec-1] INFO  o.a.c.c.C.[Tomcat].[localhost].[/].log - Initializing Spring DispatcherServlet 'dispatcherServlet'
03-08-2020 18:12:48.613 [http-nio-8082-exec-1] INFO  o.s.web.servlet.DispatcherServlet.initServletBean - Initializing Servlet 'dispatcherServlet'
03-08-2020 18:12:48.630 [http-nio-8082-exec-1] INFO  o.s.web.servlet.DispatcherServlet.initServletBean - Completed initialization in 16 ms
03-08-2020 18:14:09.602 [main] INFO  c.e.p.ProjectManagerApplication.logStarting - Starting ProjectManagerApplication on IN-Njain-LT with PID 3336 (C:\TNPS\njaintnps\tnps\hackathon-sas\project-manager\build\classes\java\main started by njain in C:\TNPS\njaintnps\tnps\hackathon-sas\project-manager)
03-08-2020 18:14:09.612 [main] INFO  c.e.p.ProjectManagerApplication.logStartupProfileInfo - No active profile set, falling back to default profiles: default
03-08-2020 18:14:13.619 [main] INFO  o.s.b.w.e.tomcat.TomcatWebServer.initialize - Tomcat initialized with port(s): 8082 (http)
03-08-2020 18:14:13.647 [main] INFO  o.a.catalina.core.StandardService.log - Starting service [Tomcat]
03-08-2020 18:14:13.649 [main] INFO  o.a.catalina.core.StandardEngine.log - Starting Servlet engine: [Apache Tomcat/9.0.33]
03-08-2020 18:14:13.933 [main] INFO  o.a.c.c.C.[Tomcat].[localhost].[/].log - Initializing Spring embedded WebApplicationContext
03-08-2020 18:14:13.934 [main] INFO  o.s.web.context.ContextLoader.prepareWebApplicationContext - Root WebApplicationContext: initialization completed in 4146 ms
03-08-2020 18:14:14.533 [main] INFO  o.s.s.c.ThreadPoolTaskExecutor.initialize - Initializing ExecutorService 'applicationTaskExecutor'
03-08-2020 18:14:14.973 [main] INFO  o.s.b.w.e.tomcat.TomcatWebServer.start - Tomcat started on port(s): 8082 (http) with context path ''
03-08-2020 18:14:14.979 [main] INFO  c.e.p.ProjectManagerApplication.logStarted - Started ProjectManagerApplication in 7.06 seconds (JVM running for 7.979)
03-08-2020 18:14:14.989 [main] INFO  c.e.p.ProjectManagerLogger.test - INFO-0
03-08-2020 18:14:14.989 [main] WARN  c.e.p.ProjectManagerLogger.test - WARN-0
03-08-2020 18:14:14.989 [main] ERROR c.e.p.ProjectManagerLogger.test - ERROR-0
03-08-2020 18:14:53.894 [http-nio-8082-exec-1] INFO  o.a.c.c.C.[Tomcat].[localhost].[/].log - Initializing Spring DispatcherServlet 'dispatcherServlet'
03-08-2020 18:14:53.898 [http-nio-8082-exec-1] INFO  o.s.web.servlet.DispatcherServlet.initServletBean - Initializing Servlet 'dispatcherServlet'
03-08-2020 18:14:53.913 [http-nio-8082-exec-1] INFO  o.s.web.servlet.DispatcherServlet.initServletBean - Completed initialization in 15 ms
03-08-2020 18:15:14.996 [main] INFO  c.e.p.ProjectManagerLogger.test - INFO-1
03-08-2020 18:15:15.002 [main] WARN  c.e.p.ProjectManagerLogger.test - WARN-1
03-08-2020 18:15:15.006 [main] ERROR c.e.p.ProjectManagerLogger.test - ERROR-1
03-08-2020 18:16:15.017 [main] INFO  c.e.p.ProjectManagerLogger.test - INFO-2
03-08-2020 18:16:15.022 [main] WARN  c.e.p.ProjectManagerLogger.test - WARN-2
03-08-2020 18:16:15.025 [main] ERROR c.e.p.ProjectManagerLogger.test - ERROR-2
03-08-2020 18:17:15.030 [main] INFO  c.e.p.ProjectManagerLogger.test - INFO-3
03-08-2020 18:17:15.034 [main] WARN  c.e.p.ProjectManagerLogger.test - WARN-3
03-08-2020 18:17:15.038 [main] ERROR c.e.p.ProjectManagerLogger.test - ERROR-3
03-08-2020 18:18:15.054 [main] INFO  c.e.p.ProjectManagerLogger.test - INFO-4
03-08-2020 18:18:15.054 [main] WARN  c.e.p.ProjectManagerLogger.test - WARN-4
03-08-2020 18:18:15.055 [main] ERROR c.e.p.ProjectManagerLogger.test - ERROR-4
03-08-2020 18:19:15.072 [main] INFO  c.e.p.ProjectManagerLogger.test - INFO-5
03-08-2020 18:19:15.075 [main] WARN  c.e.p.ProjectManagerLogger.test - WARN-5
03-08-2020 18:19:15.077 [main] ERROR c.e.p.ProjectManagerLogger.test - ERROR-5
03-08-2020 18:20:15.083 [main] INFO  c.e.p.ProjectManagerLogger.test - INFO-6
03-08-2020 18:20:15.086 [main] WARN  c.e.p.ProjectManagerLogger.test - WARN-6
03-08-2020 18:20:15.087 [main] ERROR c.e.p.ProjectManagerLogger.test - ERROR-6
03-08-2020 18:21:15.097 [main] INFO  c.e.p.ProjectManagerLogger.test - INFO-7
03-08-2020 18:21:15.101 [main] WARN  c.e.p.ProjectManagerLogger.test - WARN-7
03-08-2020 18:21:15.104 [main] ERROR c.e.p.ProjectManagerLogger.test - ERROR-7
03-08-2020 18:22:15.121 [main] INFO  c.e.p.ProjectManagerLogger.test - INFO-8
03-08-2020 18:22:15.126 [main] WARN  c.e.p.ProjectManagerLogger.test - WARN-8
03-08-2020 18:22:15.127 [main] ERROR c.e.p.ProjectManagerLogger.test - ERROR-8
03-08-2020 18:23:15.130 [main] INFO  c.e.p.ProjectManagerLogger.test - INFO-9
03-08-2020 18:23:15.133 [main] WARN  c.e.p.ProjectManagerLogger.test - WARN-9
03-08-2020 18:23:15.136 [main] ERROR c.e.p.ProjectManagerLogger.test - ERROR-9
03-08-2020 18:24:15.142 [main] INFO  c.e.p.ProjectManagerLogger.test - INFO-10
03-08-2020 18:24:15.146 [main] WARN  c.e.p.ProjectManagerLogger.test - WARN-10
03-08-2020 18:24:15.148 [main] ERROR c.e.p.ProjectManagerLogger.test - ERROR-10
03-08-2020 18:25:15.159 [main] INFO  c.e.p.ProjectManagerLogger.test - INFO-11
03-08-2020 18:25:15.162 [main] WARN  c.e.p.ProjectManagerLogger.test - WARN-11
03-08-2020 18:25:15.164 [main] ERROR c.e.p.ProjectManagerLogger.test - ERROR-11
03-08-2020 18:26:15.177 [main] INFO  c.e.p.ProjectManagerLogger.test - INFO-12
03-08-2020 18:26:15.181 [main] WARN  c.e.p.ProjectManagerLogger.test - WARN-12
03-08-2020 18:26:15.182 [main] ERROR c.e.p.ProjectManagerLogger.test - ERROR-12
03-08-2020 18:27:15.195 [main] INFO  c.e.p.ProjectManagerLogger.test - INFO-13
03-08-2020 18:27:15.198 [main] WARN  c.e.p.ProjectManagerLogger.test - WARN-13
03-08-2020 18:27:15.200 [main] ERROR c.e.p.ProjectManagerLogger.test - ERROR-13
03-08-2020 18:28:15.206 [main] INFO  c.e.p.ProjectManagerLogger.test - INFO-14
03-08-2020 18:28:15.210 [main] WARN  c.e.p.ProjectManagerLogger.test - WARN-14
03-08-2020 18:28:15.213 [main] ERROR c.e.p.ProjectManagerLogger.test - ERROR-14
03-08-2020 18:29:15.226 [main] INFO  c.e.p.ProjectManagerLogger.test - INFO-15
03-08-2020 18:29:15.229 [main] WARN  c.e.p.ProjectManagerLogger.test - WARN-15
03-08-2020 18:29:15.231 [main] ERROR c.e.p.ProjectManagerLogger.test - ERROR-15
03-08-2020 18:30:15.242 [main] INFO  c.e.p.ProjectManagerLogger.test - INFO-16
03-08-2020 18:30:15.243 [main] WARN  c.e.p.ProjectManagerLogger.test - WARN-16
03-08-2020 18:30:15.244 [main] ERROR c.e.p.ProjectManagerLogger.test - ERROR-16
03-08-2020 18:31:15.255 [main] INFO  c.e.p.ProjectManagerLogger.test - INFO-17
03-08-2020 18:31:15.261 [main] WARN  c.e.p.ProjectManagerLogger.test - WARN-17
03-08-2020 18:31:15.266 [main] ERROR c.e.p.ProjectManagerLogger.test - ERROR-17
03-08-2020 18:32:15.276 [main] INFO  c.e.p.ProjectManagerLogger.test - INFO-18
03-08-2020 18:32:15.280 [main] WARN  c.e.p.ProjectManagerLogger.test - WARN-18
03-08-2020 18:32:15.282 [main] ERROR c.e.p.ProjectManagerLogger.test - ERROR-18
03-08-2020 18:33:15.291 [main] INFO  c.e.p.ProjectManagerLogger.test - INFO-19
03-08-2020 18:33:15.292 [main] WARN  c.e.p.ProjectManagerLogger.test - WARN-19
03-08-2020 18:33:15.293 [main] ERROR c.e.p.ProjectManagerLogger.test - ERROR-19
03-08-2020 18:34:15.296 [main] INFO  c.e.p.ProjectManagerLogger.test - INFO-20
03-08-2020 18:34:15.297 [main] WARN  c.e.p.ProjectManagerLogger.test - WARN-20
03-08-2020 18:34:15.298 [main] ERROR c.e.p.ProjectManagerLogger.test - ERROR-20
03-08-2020 18:35:15.305 [main] INFO  c.e.p.ProjectManagerLogger.test - INFO-21
03-08-2020 18:35:15.306 [main] WARN  c.e.p.ProjectManagerLogger.test - WARN-21
03-08-2020 18:35:15.307 [main] ERROR c.e.p.ProjectManagerLogger.test - ERROR-21
03-08-2020 18:36:15.319 [main] INFO  c.e.p.ProjectManagerLogger.test - INFO-22
03-08-2020 18:36:15.320 [main] WARN  c.e.p.ProjectManagerLogger.test - WARN-22
03-08-2020 18:36:15.321 [main] ERROR c.e.p.ProjectManagerLogger.test - ERROR-22
03-08-2020 18:37:15.330 [main] INFO  c.e.p.ProjectManagerLogger.test - INFO-23
03-08-2020 18:37:15.331 [main] WARN  c.e.p.ProjectManagerLogger.test - WARN-23
03-08-2020 18:37:15.333 [main] ERROR c.e.p.ProjectManagerLogger.test - ERROR-23
03-08-2020 18:38:15.340 [main] INFO  c.e.p.ProjectManagerLogger.test - INFO-24
03-08-2020 18:38:15.343 [main] WARN  c.e.p.ProjectManagerLogger.test - WARN-24
03-08-2020 18:38:15.344 [main] ERROR c.e.p.ProjectManagerLogger.test - ERROR-24
03-08-2020 18:39:15.355 [main] INFO  c.e.p.ProjectManagerLogger.test - INFO-25
03-08-2020 18:39:15.356 [main] WARN  c.e.p.ProjectManagerLogger.test - WARN-25
03-08-2020 18:39:15.357 [main] ERROR c.e.p.ProjectManagerLogger.test - ERROR-25
03-08-2020 18:40:15.368 [main] INFO  c.e.p.ProjectManagerLogger.test - INFO-26
03-08-2020 18:40:15.371 [main] WARN  c.e.p.ProjectManagerLogger.test - WARN-26
03-08-2020 18:40:15.372 [main] ERROR c.e.p.ProjectManagerLogger.test - ERROR-26
03-08-2020 18:41:15.388 [main] INFO  c.e.p.ProjectManagerLogger.test - INFO-27
03-08-2020 18:41:15.390 [main] WARN  c.e.p.ProjectManagerLogger.test - WARN-27
03-08-2020 18:41:15.392 [main] ERROR c.e.p.ProjectManagerLogger.test - ERROR-27
03-08-2020 18:42:15.403 [main] INFO  c.e.p.ProjectManagerLogger.test - INFO-28
03-08-2020 18:42:15.404 [main] WARN  c.e.p.ProjectManagerLogger.test - WARN-28
03-08-2020 18:42:15.405 [main] ERROR c.e.p.ProjectManagerLogger.test - ERROR-28
03-08-2020 18:43:15.416 [main] INFO  c.e.p.ProjectManagerLogger.test - INFO-29
03-08-2020 18:43:15.418 [main] WARN  c.e.p.ProjectManagerLogger.test - WARN-29
03-08-2020 18:43:15.421 [main] ERROR c.e.p.ProjectManagerLogger.test - ERROR-29
03-08-2020 18:44:15.424 [main] INFO  c.e.p.ProjectManagerLogger.test - INFO-30
03-08-2020 18:44:15.427 [main] WARN  c.e.p.ProjectManagerLogger.test - WARN-30
03-08-2020 18:44:15.428 [main] ERROR c.e.p.ProjectManagerLogger.test - ERROR-30
03-08-2020 18:45:15.438 [main] INFO  c.e.p.ProjectManagerLogger.test - INFO-31
03-08-2020 18:45:15.443 [main] WARN  c.e.p.ProjectManagerLogger.test - WARN-31
03-08-2020 18:45:15.445 [main] ERROR c.e.p.ProjectManagerLogger.test - ERROR-31
03-08-2020 18:46:15.446 [main] INFO  c.e.p.ProjectManagerLogger.test - INFO-32
03-08-2020 18:46:15.449 [main] WARN  c.e.p.ProjectManagerLogger.test - WARN-32
03-08-2020 18:46:15.450 [main] ERROR c.e.p.ProjectManagerLogger.test - ERROR-32
03-08-2020 18:47:15.459 [main] INFO  c.e.p.ProjectManagerLogger.test - INFO-33
03-08-2020 18:47:15.461 [main] WARN  c.e.p.ProjectManagerLogger.test - WARN-33
03-08-2020 18:47:15.462 [main] ERROR c.e.p.ProjectManagerLogger.test - ERROR-33
03-08-2020 18:48:15.474 [main] INFO  c.e.p.ProjectManagerLogger.test - INFO-34
03-08-2020 18:48:15.478 [main] WARN  c.e.p.ProjectManagerLogger.test - WARN-34
03-08-2020 18:48:15.479 [main] ERROR c.e.p.ProjectManagerLogger.test - ERROR-34
03-08-2020 18:49:15.482 [main] INFO  c.e.p.ProjectManagerLogger.test - INFO-35
03-08-2020 18:49:15.483 [main] WARN  c.e.p.ProjectManagerLogger.test - WARN-35
03-08-2020 18:49:15.484 [main] ERROR c.e.p.ProjectManagerLogger.test - ERROR-35
03-08-2020 18:50:15.491 [main] INFO  c.e.p.ProjectManagerLogger.test - INFO-36
03-08-2020 18:50:15.493 [main] WARN  c.e.p.ProjectManagerLogger.test - WARN-36
03-08-2020 18:50:15.495 [main] ERROR c.e.p.ProjectManagerLogger.test - ERROR-36
03-08-2020 18:51:15.513 [main] INFO  c.e.p.ProjectManagerLogger.test - INFO-37
03-08-2020 18:51:15.514 [main] WARN  c.e.p.ProjectManagerLogger.test - WARN-37
03-08-2020 18:51:15.516 [main] ERROR c.e.p.ProjectManagerLogger.test - ERROR-37
03-08-2020 18:52:15.518 [main] INFO  c.e.p.ProjectManagerLogger.test - INFO-38
03-08-2020 18:52:15.524 [main] WARN  c.e.p.ProjectManagerLogger.test - WARN-38
03-08-2020 18:52:15.525 [main] ERROR c.e.p.ProjectManagerLogger.test - ERROR-38
03-08-2020 18:53:15.532 [main] INFO  c.e.p.ProjectManagerLogger.test - INFO-39
03-08-2020 18:53:15.534 [main] WARN  c.e.p.ProjectManagerLogger.test - WARN-39
03-08-2020 18:53:15.536 [main] ERROR c.e.p.ProjectManagerLogger.test - ERROR-39
03-08-2020 18:54:15.543 [main] INFO  c.e.p.ProjectManagerLogger.test - INFO-40
03-08-2020 18:54:15.544 [main] WARN  c.e.p.ProjectManagerLogger.test - WARN-40
03-08-2020 18:54:15.545 [main] ERROR c.e.p.ProjectManagerLogger.test - ERROR-40
03-08-2020 18:55:15.548 [main] INFO  c.e.p.ProjectManagerLogger.test - INFO-41
03-08-2020 18:55:15.550 [main] WARN  c.e.p.ProjectManagerLogger.test - WARN-41
03-08-2020 18:55:15.554 [main] ERROR c.e.p.ProjectManagerLogger.test - ERROR-41
03-08-2020 18:56:15.566 [main] INFO  c.e.p.ProjectManagerLogger.test - INFO-42
03-08-2020 18:56:15.569 [main] WARN  c.e.p.ProjectManagerLogger.test - WARN-42
03-08-2020 18:56:15.570 [main] ERROR c.e.p.ProjectManagerLogger.test - ERROR-42
03-08-2020 18:57:15.578 [main] INFO  c.e.p.ProjectManagerLogger.test - INFO-43
03-08-2020 18:57:15.580 [main] WARN  c.e.p.ProjectManagerLogger.test - WARN-43
03-08-2020 18:57:15.582 [main] ERROR c.e.p.ProjectManagerLogger.test - ERROR-43
03-08-2020 18:58:15.584 [main] INFO  c.e.p.ProjectManagerLogger.test - INFO-44
03-08-2020 18:58:15.585 [main] WARN  c.e.p.ProjectManagerLogger.test - WARN-44
03-08-2020 18:58:15.585 [main] ERROR c.e.p.ProjectManagerLogger.test - ERROR-44
03-08-2020 18:59:13.660 [main] INFO  c.e.p.ProjectManagerApplication.logStarting - Starting ProjectManagerApplication on IN-Njain-LT with PID 15252 (C:\TNPS\njaintnps\tnps\hackathon-sas\project-manager\build\classes\java\main started by njain in C:\TNPS\njaintnps\tnps\hackathon-sas\project-manager)
03-08-2020 18:59:13.671 [main] INFO  c.e.p.ProjectManagerApplication.logStartupProfileInfo - No active profile set, falling back to default profiles: default
03-08-2020 18:59:17.959 [main] INFO  o.s.b.w.e.tomcat.TomcatWebServer.initialize - Tomcat initialized with port(s): 8082 (http)
03-08-2020 18:59:17.995 [main] INFO  o.a.catalina.core.StandardService.log - Starting service [Tomcat]
03-08-2020 18:59:18.002 [main] INFO  o.a.catalina.core.StandardEngine.log - Starting Servlet engine: [Apache Tomcat/9.0.33]
03-08-2020 18:59:18.545 [main] INFO  o.a.c.c.C.[Tomcat].[localhost].[/].log - Initializing Spring embedded WebApplicationContext
03-08-2020 18:59:18.546 [main] INFO  o.s.web.context.ContextLoader.prepareWebApplicationContext - Root WebApplicationContext: initialization completed in 4758 ms
03-08-2020 18:59:19.839 [main] INFO  o.s.s.c.ThreadPoolTaskExecutor.initialize - Initializing ExecutorService 'applicationTaskExecutor'
03-08-2020 18:59:20.606 [main] INFO  o.s.b.w.e.tomcat.TomcatWebServer.start - Tomcat started on port(s): 8082 (http) with context path ''
03-08-2020 18:59:20.624 [main] INFO  c.e.p.ProjectManagerApplication.logStarted - Started ProjectManagerApplication in 8.567 seconds (JVM running for 9.365)
03-08-2020 18:59:20.639 [main] INFO  c.e.p.ProjectManagerLogger.test - INFO-0
03-08-2020 18:59:20.642 [main] WARN  c.e.p.ProjectManagerLogger.test - WARN-0
03-08-2020 18:59:20.670 [main] ERROR c.e.p.ProjectManagerLogger.test - ERROR-0
03-08-2020 19:00:20.713 [main] INFO  c.e.p.ProjectManagerLogger.test - INFO-1
03-08-2020 19:00:20.728 [main] WARN  c.e.p.ProjectManagerLogger.test - WARN-1
03-08-2020 19:00:20.729 [main] ERROR c.e.p.ProjectManagerLogger.test - ERROR-1
03-08-2020 19:01:20.754 [main] INFO  c.e.p.ProjectManagerLogger.test - INFO-2
03-08-2020 19:01:20.757 [main] WARN  c.e.p.ProjectManagerLogger.test - WARN-2
03-08-2020 19:01:20.759 [main] ERROR c.e.p.ProjectManagerLogger.test - ERROR-2
03-08-2020 19:01:22.808 [http-nio-8082-exec-1] INFO  o.a.c.c.C.[Tomcat].[localhost].[/].log - Initializing Spring DispatcherServlet 'dispatcherServlet'
03-08-2020 19:01:22.810 [http-nio-8082-exec-1] INFO  o.s.web.servlet.DispatcherServlet.initServletBean - Initializing Servlet 'dispatcherServlet'
03-08-2020 19:01:22.841 [http-nio-8082-exec-1] INFO  o.s.web.servlet.DispatcherServlet.initServletBean - Completed initialization in 28 ms
03-08-2020 19:02:20.776 [main] INFO  c.e.p.ProjectManagerLogger.test - INFO-3
03-08-2020 19:02:20.780 [main] WARN  c.e.p.ProjectManagerLogger.test - WARN-3
03-08-2020 19:02:20.783 [main] ERROR c.e.p.ProjectManagerLogger.test - ERROR-3
03-08-2020 19:03:20.786 [main] INFO  c.e.p.ProjectManagerLogger.test - INFO-4
03-08-2020 19:03:20.787 [main] WARN  c.e.p.ProjectManagerLogger.test - WARN-4
03-08-2020 19:03:20.788 [main] ERROR c.e.p.ProjectManagerLogger.test - ERROR-4
03-08-2020 19:04:20.812 [main] INFO  c.e.p.ProjectManagerLogger.test - INFO-5
03-08-2020 19:04:20.823 [main] WARN  c.e.p.ProjectManagerLogger.test - WARN-5
03-08-2020 19:04:20.826 [main] ERROR c.e.p.ProjectManagerLogger.test - ERROR-5
03-08-2020 19:05:20.846 [main] INFO  c.e.p.ProjectManagerLogger.test - INFO-6
03-08-2020 19:05:20.853 [main] WARN  c.e.p.ProjectManagerLogger.test - WARN-6
03-08-2020 19:05:20.854 [main] ERROR c.e.p.ProjectManagerLogger.test - ERROR-6
03-08-2020 19:06:20.885 [main] INFO  c.e.p.ProjectManagerLogger.test - INFO-7
03-08-2020 19:06:20.892 [main] WARN  c.e.p.ProjectManagerLogger.test - WARN-7
03-08-2020 19:06:20.896 [main] ERROR c.e.p.ProjectManagerLogger.test - ERROR-7
03-08-2020 19:07:20.918 [main] INFO  c.e.p.ProjectManagerLogger.test - INFO-8
03-08-2020 19:07:20.920 [main] WARN  c.e.p.ProjectManagerLogger.test - WARN-8
03-08-2020 19:07:20.921 [main] ERROR c.e.p.ProjectManagerLogger.test - ERROR-8
03-08-2020 19:08:20.942 [main] INFO  c.e.p.ProjectManagerLogger.test - INFO-9
03-08-2020 19:08:20.947 [main] WARN  c.e.p.ProjectManagerLogger.test - WARN-9
03-08-2020 19:08:20.955 [main] ERROR c.e.p.ProjectManagerLogger.test - ERROR-9
03-08-2020 19:09:20.969 [main] INFO  c.e.p.ProjectManagerLogger.test - INFO-10
03-08-2020 19:09:20.970 [main] WARN  c.e.p.ProjectManagerLogger.test - WARN-10
03-08-2020 19:09:20.970 [main] ERROR c.e.p.ProjectManagerLogger.test - ERROR-10
03-08-2020 19:10:20.973 [main] INFO  c.e.p.ProjectManagerLogger.test - INFO-11
03-08-2020 19:10:20.975 [main] WARN  c.e.p.ProjectManagerLogger.test - WARN-11
03-08-2020 19:10:20.977 [main] ERROR c.e.p.ProjectManagerLogger.test - ERROR-11
03-08-2020 19:11:20.982 [main] INFO  c.e.p.ProjectManagerLogger.test - INFO-12
03-08-2020 19:11:20.986 [main] WARN  c.e.p.ProjectManagerLogger.test - WARN-12
03-08-2020 19:11:20.989 [main] ERROR c.e.p.ProjectManagerLogger.test - ERROR-12
03-08-2020 19:12:20.996 [main] INFO  c.e.p.ProjectManagerLogger.test - INFO-13
03-08-2020 19:12:20.999 [main] WARN  c.e.p.ProjectManagerLogger.test - WARN-13
03-08-2020 19:12:21.009 [main] ERROR c.e.p.ProjectManagerLogger.test - ERROR-13
03-08-2020 19:13:21.018 [main] INFO  c.e.p.ProjectManagerLogger.test - INFO-14
03-08-2020 19:13:21.022 [main] WARN  c.e.p.ProjectManagerLogger.test - WARN-14
03-08-2020 19:13:21.023 [main] ERROR c.e.p.ProjectManagerLogger.test - ERROR-14
03-08-2020 19:14:21.027 [main] INFO  c.e.p.ProjectManagerLogger.test - INFO-15
03-08-2020 19:14:21.031 [main] WARN  c.e.p.ProjectManagerLogger.test - WARN-15
03-08-2020 19:14:21.035 [main] ERROR c.e.p.ProjectManagerLogger.test - ERROR-15
